{"D:\\cddhi\\FACULTATE\\sem 4\\mpp\\CarolinaRunningClub\\carolinarunningclub\\backend\\src\\index.js": {"path":"D:\\cddhi\\FACULTATE\\sem 4\\mpp\\CarolinaRunningClub\\carolinarunningclub\\backend\\src\\index.js","statementMap":{"0":{"start":{"line":1,"column":16},"end":{"line":1,"column":34}},"1":{"start":{"line":2,"column":13},"end":{"line":2,"column":28}},"2":{"start":{"line":3,"column":18},"end":{"line":3,"column":45}},"3":{"start":{"line":5,"column":12},"end":{"line":5,"column":21}},"4":{"start":{"line":6,"column":13},"end":{"line":6,"column":17}},"5":{"start":{"line":8,"column":0},"end":{"line":8,"column":16}},"6":{"start":{"line":9,"column":0},"end":{"line":9,"column":24}},"7":{"start":{"line":11,"column":0},"end":{"line":15,"column":3}},"8":{"start":{"line":12,"column":17},"end":{"line":12,"column":46}},"9":{"start":{"line":13,"column":18},"end":{"line":13,"column":48}},"10":{"start":{"line":14,"column":4},"end":{"line":14,"column":50}},"11":{"start":{"line":17,"column":0},"end":{"line":24,"column":3}},"12":{"start":{"line":18,"column":27},"end":{"line":18,"column":35}},"13":{"start":{"line":19,"column":4},"end":{"line":21,"column":5}},"14":{"start":{"line":20,"column":8},"end":{"line":20,"column":86}},"15":{"start":{"line":22,"column":19},"end":{"line":22,"column":42}},"16":{"start":{"line":23,"column":4},"end":{"line":23,"column":33}},"17":{"start":{"line":27,"column":0},"end":{"line":41,"column":3}},"18":{"start":{"line":28,"column":21},"end":{"line":28,"column":29}},"19":{"start":{"line":31,"column":4},"end":{"line":33,"column":5}},"20":{"start":{"line":32,"column":8},"end":{"line":32,"column":86}},"21":{"start":{"line":35,"column":20},"end":{"line":35,"column":61}},"22":{"start":{"line":36,"column":4},"end":{"line":40,"column":5}},"23":{"start":{"line":37,"column":8},"end":{"line":37,"column":26}},"24":{"start":{"line":39,"column":8},"end":{"line":39,"column":57}},"25":{"start":{"line":43,"column":0},"end":{"line":47,"column":3}},"26":{"start":{"line":44,"column":20},"end":{"line":44,"column":51}},"27":{"start":{"line":45,"column":4},"end":{"line":46,"column":58}},"28":{"start":{"line":45,"column":17},"end":{"line":45,"column":40}},"29":{"start":{"line":46,"column":9},"end":{"line":46,"column":58}},"30":{"start":{"line":50,"column":0},"end":{"line":53,"column":3}},"31":{"start":{"line":51,"column":4},"end":{"line":51,"column":22}},"32":{"start":{"line":52,"column":4},"end":{"line":52,"column":27}},"33":{"start":{"line":55,"column":0},"end":{"line":59,"column":1}},"34":{"start":{"line":56,"column":4},"end":{"line":58,"column":7}},"35":{"start":{"line":57,"column":8},"end":{"line":57,"column":69}},"36":{"start":{"line":61,"column":0},"end":{"line":61,"column":21}}},"fnMap":{"0":{"name":"(anonymous_0)","decl":{"start":{"line":11,"column":21},"end":{"line":11,"column":22}},"loc":{"start":{"line":11,"column":35},"end":{"line":15,"column":1}},"line":11},"1":{"name":"(anonymous_1)","decl":{"start":{"line":17,"column":22},"end":{"line":17,"column":23}},"loc":{"start":{"line":17,"column":36},"end":{"line":24,"column":1}},"line":17},"2":{"name":"(anonymous_2)","decl":{"start":{"line":27,"column":25},"end":{"line":27,"column":26}},"loc":{"start":{"line":27,"column":39},"end":{"line":41,"column":1}},"line":27},"3":{"name":"(anonymous_3)","decl":{"start":{"line":43,"column":28},"end":{"line":43,"column":29}},"loc":{"start":{"line":43,"column":42},"end":{"line":47,"column":1}},"line":43},"4":{"name":"(anonymous_4)","decl":{"start":{"line":50,"column":23},"end":{"line":50,"column":24}},"loc":{"start":{"line":50,"column":37},"end":{"line":53,"column":1}},"line":50},"5":{"name":"(anonymous_5)","decl":{"start":{"line":56,"column":21},"end":{"line":56,"column":22}},"loc":{"start":{"line":56,"column":27},"end":{"line":58,"column":5}},"line":56}},"branchMap":{"0":{"loc":{"start":{"line":12,"column":17},"end":{"line":12,"column":46}},"type":"binary-expr","locations":[{"start":{"line":12,"column":17},"end":{"line":12,"column":41}},{"start":{"line":12,"column":45},"end":{"line":12,"column":46}}],"line":12},"1":{"loc":{"start":{"line":13,"column":18},"end":{"line":13,"column":48}},"type":"binary-expr","locations":[{"start":{"line":13,"column":18},"end":{"line":13,"column":43}},{"start":{"line":13,"column":47},"end":{"line":13,"column":48}}],"line":13},"2":{"loc":{"start":{"line":19,"column":4},"end":{"line":21,"column":5}},"type":"if","locations":[{"start":{"line":19,"column":4},"end":{"line":21,"column":5}},{"start":{},"end":{}}],"line":19},"3":{"loc":{"start":{"line":19,"column":8},"end":{"line":19,"column":39}},"type":"binary-expr","locations":[{"start":{"line":19,"column":8},"end":{"line":19,"column":13}},{"start":{"line":19,"column":17},"end":{"line":19,"column":39}}],"line":19},"4":{"loc":{"start":{"line":31,"column":4},"end":{"line":33,"column":5}},"type":"if","locations":[{"start":{"line":31,"column":4},"end":{"line":33,"column":5}},{"start":{},"end":{}}],"line":31},"5":{"loc":{"start":{"line":31,"column":8},"end":{"line":31,"column":38}},"type":"binary-expr","locations":[{"start":{"line":31,"column":8},"end":{"line":31,"column":12}},{"start":{"line":31,"column":16},"end":{"line":31,"column":38}}],"line":31},"6":{"loc":{"start":{"line":36,"column":4},"end":{"line":40,"column":5}},"type":"if","locations":[{"start":{"line":36,"column":4},"end":{"line":40,"column":5}},{"start":{"line":38,"column":11},"end":{"line":40,"column":5}}],"line":36},"7":{"loc":{"start":{"line":45,"column":4},"end":{"line":46,"column":58}},"type":"if","locations":[{"start":{"line":45,"column":4},"end":{"line":46,"column":58}},{"start":{"line":46,"column":9},"end":{"line":46,"column":58}}],"line":45},"8":{"loc":{"start":{"line":55,"column":0},"end":{"line":59,"column":1}},"type":"if","locations":[{"start":{"line":55,"column":0},"end":{"line":59,"column":1}},{"start":{},"end":{}}],"line":55}},"s":{"0":1,"1":1,"2":1,"3":1,"4":1,"5":1,"6":1,"7":1,"8":1,"9":1,"10":1,"11":1,"12":2,"13":2,"14":1,"15":1,"16":1,"17":1,"18":3,"19":3,"20":1,"21":2,"22":2,"23":1,"24":1,"25":1,"26":2,"27":2,"28":1,"29":1,"30":1,"31":8,"32":8,"33":1,"34":0,"35":0,"36":1},"f":{"0":1,"1":2,"2":3,"3":2,"4":8,"5":0},"b":{"0":[1,0],"1":[1,0],"2":[1,1],"3":[2,2],"4":[1,2],"5":[3,3],"6":[1,1],"7":[1,1],"8":[0,1]},"_coverageSchema":"1a1c01bbd47fc00a2c39e90264f33305004495a9","hash":"89b5e179df55bd66c5117111e353182530894faa"}
,"D:\\cddhi\\FACULTATE\\sem 4\\mpp\\CarolinaRunningClub\\carolinarunningclub\\backend\\src\\data\\runsStore.js": {"path":"D:\\cddhi\\FACULTATE\\sem 4\\mpp\\CarolinaRunningClub\\carolinarunningclub\\backend\\src\\data\\runsStore.js","statementMap":{"0":{"start":{"line":2,"column":18},"end":{"line":6,"column":1}},"1":{"start":{"line":8,"column":11},"end":{"line":8,"column":27}},"2":{"start":{"line":10,"column":0},"end":{"line":45,"column":2}},"3":{"start":{"line":12,"column":19},"end":{"line":12,"column":43}},"4":{"start":{"line":16,"column":27},"end":{"line":16,"column":45}},"5":{"start":{"line":17,"column":8},"end":{"line":22,"column":10}},"6":{"start":{"line":26,"column":23},"end":{"line":26,"column":49}},"7":{"start":{"line":27,"column":8},"end":{"line":27,"column":29}},"8":{"start":{"line":28,"column":8},"end":{"line":28,"column":22}},"9":{"start":{"line":32,"column":22},"end":{"line":32,"column":64}},"10":{"start":{"line":32,"column":42},"end":{"line":32,"column":63}},"11":{"start":{"line":33,"column":8},"end":{"line":36,"column":9}},"12":{"start":{"line":34,"column":12},"end":{"line":34,"column":61}},"13":{"start":{"line":35,"column":12},"end":{"line":35,"column":31}},"14":{"start":{"line":37,"column":8},"end":{"line":37,"column":20}},"15":{"start":{"line":41,"column":30},"end":{"line":41,"column":41}},"16":{"start":{"line":42,"column":8},"end":{"line":42,"column":55}},"17":{"start":{"line":42,"column":32},"end":{"line":42,"column":53}},"18":{"start":{"line":43,"column":8},"end":{"line":43,"column":45}}},"fnMap":{"0":{"name":"(anonymous_0)","decl":{"start":{"line":12,"column":11},"end":{"line":12,"column":12}},"loc":{"start":{"line":12,"column":17},"end":{"line":12,"column":45}},"line":12},"1":{"name":"(anonymous_1)","decl":{"start":{"line":15,"column":18},"end":{"line":15,"column":19}},"loc":{"start":{"line":15,"column":35},"end":{"line":23,"column":5}},"line":15},"2":{"name":"(anonymous_2)","decl":{"start":{"line":25,"column":9},"end":{"line":25,"column":10}},"loc":{"start":{"line":25,"column":18},"end":{"line":29,"column":5}},"line":25},"3":{"name":"(anonymous_3)","decl":{"start":{"line":31,"column":12},"end":{"line":31,"column":13}},"loc":{"start":{"line":31,"column":33},"end":{"line":38,"column":5}},"line":31},"4":{"name":"(anonymous_4)","decl":{"start":{"line":32,"column":37},"end":{"line":32,"column":38}},"loc":{"start":{"line":32,"column":42},"end":{"line":32,"column":63}},"line":32},"5":{"name":"(anonymous_5)","decl":{"start":{"line":40,"column":12},"end":{"line":40,"column":13}},"loc":{"start":{"line":40,"column":20},"end":{"line":44,"column":5}},"line":40},"6":{"name":"(anonymous_6)","decl":{"start":{"line":42,"column":27},"end":{"line":42,"column":28}},"loc":{"start":{"line":42,"column":32},"end":{"line":42,"column":53}},"line":42}},"branchMap":{"0":{"loc":{"start":{"line":33,"column":8},"end":{"line":36,"column":9}},"type":"if","locations":[{"start":{"line":33,"column":8},"end":{"line":36,"column":9}},{"start":{},"end":{}}],"line":33}},"s":{"0":1,"1":1,"2":1,"3":8,"4":1,"5":1,"6":1,"7":1,"8":1,"9":2,"10":4,"11":2,"12":1,"13":1,"14":1,"15":2,"16":2,"17":6,"18":2},"f":{"0":8,"1":1,"2":1,"3":2,"4":4,"5":2,"6":6},"b":{"0":[1,1]},"_coverageSchema":"1a1c01bbd47fc00a2c39e90264f33305004495a9","hash":"c5057fcc83f56863a1b9a6c3d2a72f080f58fdc4"}
}
