TN:
SF:src\index.js
FN:11,(anonymous_0)
FN:17,(anonymous_1)
FN:27,(anonymous_2)
FN:43,(anonymous_3)
FN:50,(anonymous_4)
FN:56,(anonymous_5)
FNF:6
FNH:5
FNDA:1,(anonymous_0)
FNDA:2,(anonymous_1)
FNDA:3,(anonymous_2)
FNDA:2,(anonymous_3)
FNDA:8,(anonymous_4)
FNDA:0,(anonymous_5)
DA:1,1
DA:2,1
DA:3,1
DA:5,1
DA:6,1
DA:8,1
DA:9,1
DA:11,1
DA:12,1
DA:13,1
DA:14,1
DA:17,1
DA:18,2
DA:19,2
DA:20,1
DA:22,1
DA:23,1
DA:27,1
DA:28,3
DA:31,3
DA:32,1
DA:35,2
DA:36,2
DA:37,1
DA:39,1
DA:43,1
DA:44,2
DA:45,2
DA:46,1
DA:50,1
DA:51,8
DA:52,8
DA:55,1
DA:56,0
DA:57,0
DA:61,1
LF:36
LH:34
BRDA:12,0,0,1
BRDA:12,0,1,0
BRDA:13,1,0,1
BRDA:13,1,1,0
BRDA:19,2,0,1
BRDA:19,2,1,1
BRDA:19,3,0,2
BRDA:19,3,1,2
BRDA:31,4,0,1
BRDA:31,4,1,2
BRDA:31,5,0,3
BRDA:31,5,1,3
BRDA:36,6,0,1
BRDA:36,6,1,1
BRDA:45,7,0,1
BRDA:45,7,1,1
BRDA:55,8,0,0
BRDA:55,8,1,1
BRF:18
BRH:15
end_of_record
TN:
SF:src\data\runsStore.js
FN:12,(anonymous_0)
FN:15,(anonymous_1)
FN:25,(anonymous_2)
FN:31,(anonymous_3)
FN:32,(anonymous_4)
FN:40,(anonymous_5)
FN:42,(anonymous_6)
FNF:7
FNH:7
FNDA:8,(anonymous_0)
FNDA:1,(anonymous_1)
FNDA:1,(anonymous_2)
FNDA:2,(anonymous_3)
FNDA:4,(anonymous_4)
FNDA:2,(anonymous_5)
FNDA:6,(anonymous_6)
DA:2,1
DA:8,1
DA:10,1
DA:12,8
DA:16,1
DA:17,1
DA:26,1
DA:27,1
DA:28,1
DA:32,4
DA:33,2
DA:34,1
DA:35,1
DA:37,1
DA:41,2
DA:42,6
DA:43,2
LF:17
LH:17
BRDA:33,0,0,1
BRDA:33,0,1,1
BRF:2
BRH:2
end_of_record
