{"D:\\cddhi\\FACULTATE\\sem 4\\mpp\\CarolinaRunningClub\\carolinarunningclub\\src\\runsData.js": {"path":"D:\\cddhi\\FACULTATE\\sem 4\\mpp\\CarolinaRunningClub\\carolinarunningclub\\src\\runsData.js","statementMap":{"0":{"start":{"line":2,"column":27},"end":{"line":20,"column":null}}},"fnMap":{},"branchMap":{},"s":{"0":1},"f":{},"b":{},"meta":{"lastBranch":0,"lastFunction":0,"lastStatement":1,"seen":{"s:2:27:20:Infinity":0}}}
,"D:\\cddhi\\FACULTATE\\sem 4\\mpp\\CarolinaRunningClub\\carolinarunningclub\\src\\components\\Dashboard.jsx": {"path":"D:\\cddhi\\FACULTATE\\sem 4\\mpp\\CarolinaRunningClub\\carolinarunningclub\\src\\components\\Dashboard.jsx","statementMap":{"0":{"start":{"line":5,"column":6},"end":{"line":132,"column":null}},"1":{"start":{"line":6,"column":10},"end":{"line":6,"column":34}},"2":{"start":{"line":7,"column":17},"end":{"line":7,"column":49}},"3":{"start":{"line":8,"column":24},"end":{"line":8,"column":53}},"4":{"start":{"line":9,"column":24},"end":{"line":9,"column":null}},"5":{"start":{"line":11,"column":17},"end":{"line":11,"column":40}},"6":{"start":{"line":12,"column":17},"end":{"line":12,"column":40}},"7":{"start":{"line":13,"column":22},"end":{"line":13,"column":53}},"8":{"start":{"line":14,"column":25},"end":{"line":14,"column":58}},"9":{"start":{"line":15,"column":19},"end":{"line":15,"column":44}},"10":{"start":{"line":18,"column":27},"end":{"line":22,"column":null}},"11":{"start":{"line":19,"column":24},"end":{"line":19,"column":51}},"12":{"start":{"line":20,"column":31},"end":{"line":20,"column":81}},"13":{"start":{"line":20,"column":51},"end":{"line":20,"column":80}},"14":{"start":{"line":21,"column":8},"end":{"line":21,"column":null}},"15":{"start":{"line":24,"column":27},"end":{"line":24,"column":null}},"16":{"start":{"line":25,"column":28},"end":{"line":25,"column":null}},"17":{"start":{"line":26,"column":24},"end":{"line":26,"column":67}},"18":{"start":{"line":28,"column":10},"end":{"line":36,"column":null}},"19":{"start":{"line":29,"column":26},"end":{"line":29,"column":28}},"20":{"start":{"line":30,"column":8},"end":{"line":30,"column":null}},"21":{"start":{"line":30,"column":36},"end":{"line":30,"column":null}},"22":{"start":{"line":31,"column":8},"end":{"line":34,"column":null}},"23":{"start":{"line":32,"column":12},"end":{"line":32,"column":null}},"24":{"start":{"line":33,"column":19},"end":{"line":34,"column":null}},"25":{"start":{"line":34,"column":12},"end":{"line":34,"column":null}},"26":{"start":{"line":36,"column":8},"end":{"line":36,"column":null}},"27":{"start":{"line":39,"column":10},"end":{"line":41,"column":null}},"28":{"start":{"line":40,"column":8},"end":{"line":40,"column":null}},"29":{"start":{"line":41,"column":8},"end":{"line":41,"column":null}},"30":{"start":{"line":44,"column":10},"end":{"line":62,"column":null}},"31":{"start":{"line":45,"column":8},"end":{"line":45,"column":null}},"32":{"start":{"line":46,"column":27},"end":{"line":46,"column":41}},"33":{"start":{"line":47,"column":8},"end":{"line":49,"column":null}},"34":{"start":{"line":48,"column":12},"end":{"line":48,"column":null}},"35":{"start":{"line":49,"column":12},"end":{"line":49,"column":null}},"36":{"start":{"line":52,"column":8},"end":{"line":60,"column":null}},"37":{"start":{"line":53,"column":12},"end":{"line":53,"column":null}},"38":{"start":{"line":53,"column":36},"end":{"line":53,"column":91}},"39":{"start":{"line":54,"column":12},"end":{"line":54,"column":null}},"40":{"start":{"line":55,"column":12},"end":{"line":55,"column":null}},"41":{"start":{"line":56,"column":12},"end":{"line":56,"column":null}},"42":{"start":{"line":58,"column":27},"end":{"line":58,"column":null}},"43":{"start":{"line":59,"column":12},"end":{"line":59,"column":null}},"44":{"start":{"line":60,"column":12},"end":{"line":60,"column":null}},"45":{"start":{"line":62,"column":8},"end":{"line":62,"column":21}},"46":{"start":{"line":62,"column":21},"end":{"line":62,"column":34}},"47":{"start":{"line":62,"column":34},"end":{"line":62,"column":null}},"48":{"start":{"line":65,"column":10},"end":{"line":70,"column":null}},"49":{"start":{"line":66,"column":8},"end":{"line":66,"column":null}},"50":{"start":{"line":67,"column":8},"end":{"line":67,"column":null}},"51":{"start":{"line":68,"column":8},"end":{"line":68,"column":null}},"52":{"start":{"line":69,"column":8},"end":{"line":69,"column":null}},"53":{"start":{"line":70,"column":8},"end":{"line":70,"column":null}},"54":{"start":{"line":73,"column":10},"end":{"line":78,"column":null}},"55":{"start":{"line":74,"column":8},"end":{"line":78,"column":null}},"56":{"start":{"line":75,"column":29},"end":{"line":75,"column":62}},"57":{"start":{"line":75,"column":48},"end":{"line":75,"column":62}},"58":{"start":{"line":76,"column":12},"end":{"line":76,"column":null}},"59":{"start":{"line":77,"column":12},"end":{"line":77,"column":null}},"60":{"start":{"line":78,"column":12},"end":{"line":78,"column":null}},"61":{"start":{"line":78,"column":61},"end":{"line":78,"column":null}},"62":{"start":{"line":82,"column":4},"end":{"line":132,"column":null}},"63":{"start":{"line":86,"column":39},"end":{"line":86,"column":52}},"64":{"start":{"line":100,"column":102},"end":{"line":100,"column":125}},"65":{"start":{"line":101,"column":87},"end":{"line":101,"column":110}},"66":{"start":{"line":104,"column":63},"end":{"line":104,"column":84}},"67":{"start":{"line":104,"column":84},"end":{"line":104,"column":97}},"68":{"start":{"line":104,"column":97},"end":{"line":104,"column":113}},"69":{"start":{"line":117,"column":24},"end":{"line":124,"column":null}},"70":{"start":{"line":118,"column":47},"end":{"line":118,"column":73}},"71":{"start":{"line":121,"column":55},"end":{"line":121,"column":75}},"72":{"start":{"line":122,"column":55},"end":{"line":122,"column":75}},"73":{"start":{"line":130,"column":68},"end":{"line":130,"column":99}},"74":{"start":{"line":132,"column":80},"end":{"line":132,"column":111}},"75":{"start":{"line":138,"column":15},"end":{"line":154,"column":null}}},"fnMap":{"0":{"name":"(anonymous_0)","decl":{"start":{"line":5,"column":6},"end":{"line":5,"column":24}},"loc":{"start":{"line":5,"column":24},"end":{"line":132,"column":null}},"line":5},"1":{"name":"(anonymous_1)","decl":{"start":{"line":18,"column":48},"end":{"line":18,"column":63}},"loc":{"start":{"line":18,"column":63},"end":{"line":22,"column":null}},"line":18},"2":{"name":"(anonymous_2)","decl":{"start":{"line":20,"column":39},"end":{"line":20,"column":44}},"loc":{"start":{"line":20,"column":51},"end":{"line":20,"column":80}},"line":20},"3":{"name":"(anonymous_3)","decl":{"start":{"line":28,"column":10},"end":{"line":28,"column":31}},"loc":{"start":{"line":28,"column":31},"end":{"line":36,"column":null}},"line":28},"4":{"name":"(anonymous_4)","decl":{"start":{"line":39,"column":10},"end":{"line":39,"column":30}},"loc":{"start":{"line":39,"column":38},"end":{"line":41,"column":null}},"line":39},"5":{"name":"(anonymous_5)","decl":{"start":{"line":44,"column":10},"end":{"line":44,"column":26}},"loc":{"start":{"line":44,"column":32},"end":{"line":62,"column":null}},"line":44},"6":{"name":"(anonymous_6)","decl":{"start":{"line":53,"column":25},"end":{"line":53,"column":29}},"loc":{"start":{"line":53,"column":36},"end":{"line":53,"column":91}},"line":53},"7":{"name":"(anonymous_7)","decl":{"start":{"line":65,"column":10},"end":{"line":65,"column":29}},"loc":{"start":{"line":65,"column":37},"end":{"line":70,"column":null}},"line":65},"8":{"name":"(anonymous_8)","decl":{"start":{"line":73,"column":10},"end":{"line":73,"column":26}},"loc":{"start":{"line":73,"column":33},"end":{"line":78,"column":null}},"line":73},"9":{"name":"(anonymous_9)","decl":{"start":{"line":75,"column":34},"end":{"line":75,"column":41}},"loc":{"start":{"line":75,"column":48},"end":{"line":75,"column":62}},"line":75},"10":{"name":"(anonymous_10)","decl":{"start":{"line":86,"column":24},"end":{"line":86,"column":39}},"loc":{"start":{"line":86,"column":39},"end":{"line":86,"column":52}},"line":86},"11":{"name":"(anonymous_11)","decl":{"start":{"line":100,"column":85},"end":{"line":100,"column":96}},"loc":{"start":{"line":100,"column":102},"end":{"line":100,"column":125}},"line":100},"12":{"name":"(anonymous_12)","decl":{"start":{"line":101,"column":70},"end":{"line":101,"column":81}},"loc":{"start":{"line":101,"column":87},"end":{"line":101,"column":110}},"line":101},"13":{"name":"(anonymous_13)","decl":{"start":{"line":104,"column":46},"end":{"line":104,"column":61}},"loc":{"start":{"line":104,"column":61},"end":{"line":104,"column":113}},"line":104},"14":{"name":"(anonymous_14)","decl":{"start":{"line":116,"column":33},"end":{"line":116,"column":37}},"loc":{"start":{"line":117,"column":24},"end":{"line":124,"column":null}},"line":117},"15":{"name":"(anonymous_15)","decl":{"start":{"line":118,"column":32},"end":{"line":118,"column":47}},"loc":{"start":{"line":118,"column":47},"end":{"line":118,"column":73}},"line":118},"16":{"name":"(anonymous_16)","decl":{"start":{"line":121,"column":40},"end":{"line":121,"column":55}},"loc":{"start":{"line":121,"column":55},"end":{"line":121,"column":75}},"line":121},"17":{"name":"(anonymous_17)","decl":{"start":{"line":122,"column":40},"end":{"line":122,"column":55}},"loc":{"start":{"line":122,"column":55},"end":{"line":122,"column":75}},"line":122},"18":{"name":"(anonymous_18)","decl":{"start":{"line":130,"column":53},"end":{"line":130,"column":68}},"loc":{"start":{"line":130,"column":68},"end":{"line":130,"column":99}},"line":130},"19":{"name":"(anonymous_19)","decl":{"start":{"line":132,"column":65},"end":{"line":132,"column":80}},"loc":{"start":{"line":132,"column":80},"end":{"line":132,"column":111}},"line":132}},"branchMap":{"0":{"loc":{"start":{"line":21,"column":15},"end":{"line":21,"column":null}},"type":"cond-expr","locations":[{"start":{"line":21,"column":32},"end":{"line":21,"column":80}},{"start":{"line":21,"column":83},"end":{"line":21,"column":null}}],"line":21},"1":{"loc":{"start":{"line":30,"column":8},"end":{"line":30,"column":null}},"type":"if","locations":[{"start":{"line":30,"column":8},"end":{"line":30,"column":null}},{"start":{},"end":{}}],"line":30},"2":{"loc":{"start":{"line":31,"column":8},"end":{"line":34,"column":null}},"type":"if","locations":[{"start":{"line":31,"column":8},"end":{"line":34,"column":null}},{"start":{"line":33,"column":19},"end":{"line":34,"column":null}}],"line":31},"3":{"loc":{"start":{"line":33,"column":19},"end":{"line":34,"column":null}},"type":"if","locations":[{"start":{"line":33,"column":19},"end":{"line":34,"column":null}},{"start":{},"end":{}}],"line":33},"4":{"loc":{"start":{"line":47,"column":8},"end":{"line":49,"column":null}},"type":"if","locations":[{"start":{"line":47,"column":8},"end":{"line":49,"column":null}},{"start":{},"end":{}}],"line":47},"5":{"loc":{"start":{"line":52,"column":8},"end":{"line":60,"column":null}},"type":"if","locations":[{"start":{"line":52,"column":8},"end":{"line":60,"column":null}},{"start":{"line":57,"column":15},"end":{"line":60,"column":null}}],"line":52},"6":{"loc":{"start":{"line":53,"column":36},"end":{"line":53,"column":91}},"type":"cond-expr","locations":[{"start":{"line":53,"column":62},"end":{"line":53,"column":87}},{"start":{"line":53,"column":87},"end":{"line":53,"column":91}}],"line":53},"7":{"loc":{"start":{"line":74,"column":8},"end":{"line":78,"column":null}},"type":"if","locations":[{"start":{"line":74,"column":8},"end":{"line":78,"column":null}},{"start":{},"end":{}}],"line":74},"8":{"loc":{"start":{"line":78,"column":12},"end":{"line":78,"column":null}},"type":"if","locations":[{"start":{"line":78,"column":12},"end":{"line":78,"column":null}},{"start":{},"end":{}}],"line":78},"9":{"loc":{"start":{"line":78,"column":16},"end":{"line":78,"column":61}},"type":"binary-expr","locations":[{"start":{"line":78,"column":16},"end":{"line":78,"column":44}},{"start":{"line":78,"column":44},"end":{"line":78,"column":61}}],"line":78},"10":{"loc":{"start":{"line":89,"column":13},"end":{"line":91,"column":null}},"type":"binary-expr","locations":[{"start":{"line":89,"column":13},"end":{"line":89,"column":null}},{"start":{"line":90,"column":16},"end":{"line":91,"column":null}}],"line":89},"11":{"loc":{"start":{"line":96,"column":36},"end":{"line":96,"column":71}},"type":"cond-expr","locations":[{"start":{"line":96,"column":48},"end":{"line":96,"column":60}},{"start":{"line":96,"column":60},"end":{"line":96,"column":71}}],"line":96},"12":{"loc":{"start":{"line":97,"column":21},"end":{"line":97,"column":null}},"type":"cond-expr","locations":[{"start":{"line":97,"column":33},"end":{"line":97,"column":50}},{"start":{"line":97,"column":50},"end":{"line":97,"column":null}}],"line":97},"13":{"loc":{"start":{"line":102,"column":65},"end":{"line":102,"column":113}},"type":"cond-expr","locations":[{"start":{"line":102,"column":77},"end":{"line":102,"column":94}},{"start":{"line":102,"column":94},"end":{"line":102,"column":113}}],"line":102},"14":{"loc":{"start":{"line":103,"column":21},"end":{"line":106,"column":null}},"type":"binary-expr","locations":[{"start":{"line":103,"column":21},"end":{"line":103,"column":null}},{"start":{"line":104,"column":24},"end":{"line":106,"column":null}}],"line":103},"15":{"loc":{"start":{"line":109,"column":17},"end":{"line":109,"column":null}},"type":"binary-expr","locations":[{"start":{"line":109,"column":17},"end":{"line":109,"column":32}},{"start":{"line":109,"column":32},"end":{"line":109,"column":null}}],"line":109},"16":{"loc":{"start":{"line":110,"column":17},"end":{"line":110,"column":null}},"type":"binary-expr","locations":[{"start":{"line":110,"column":17},"end":{"line":110,"column":32}},{"start":{"line":110,"column":32},"end":{"line":110,"column":null}}],"line":110}},"s":{"0":1,"1":24,"2":24,"3":24,"4":24,"5":24,"6":24,"7":24,"8":24,"9":24,"10":24,"11":3,"12":3,"13":3,"14":3,"15":24,"16":24,"17":24,"18":24,"19":6,"20":6,"21":1,"22":6,"23":2,"24":4,"25":1,"26":6,"27":24,"28":4,"29":4,"30":24,"31":6,"32":6,"33":6,"34":3,"35":3,"36":3,"37":1,"38":15,"39":1,"40":1,"41":1,"42":2,"43":2,"44":2,"45":3,"46":3,"47":3,"48":24,"49":2,"50":2,"51":2,"52":2,"53":2,"54":24,"55":1,"56":1,"57":15,"58":1,"59":1,"60":1,"61":0,"62":24,"63":1,"64":5,"65":3,"66":1,"67":1,"68":1,"69":120,"70":0,"71":2,"72":1,"73":1,"74":1,"75":1},"f":{"0":24,"1":3,"2":3,"3":6,"4":4,"5":6,"6":15,"7":2,"8":1,"9":15,"10":1,"11":5,"12":3,"13":1,"14":120,"15":0,"16":2,"17":1,"18":1,"19":1},"b":{"0":[1,2],"1":[1,5],"2":[2,4],"3":[1,3],"4":[3,3],"5":[1,2],"6":[1,14],"7":[1,0],"8":[0,1],"9":[1,0],"10":[24,14],"11":[3,21],"12":[3,21],"13":[3,21],"14":[24,3],"15":[24,2],"16":[24,5]},"meta":{"lastBranch":17,"lastFunction":20,"lastStatement":76,"seen":{"s:5:6:132:Infinity":0,"f:5:6:5:24":0,"s:6:10:6:34":1,"s:7:17:7:49":2,"s:8:24:8:53":3,"s:9:24:9:Infinity":4,"s:11:17:11:40":5,"s:12:17:12:40":6,"s:13:22:13:53":7,"s:14:25:14:58":8,"s:15:19:15:44":9,"s:18:27:22:Infinity":10,"f:18:48:18:63":1,"s:19:24:19:51":11,"s:20:31:20:81":12,"f:20:39:20:44":2,"s:20:51:20:80":13,"s:21:8:21:Infinity":14,"b:21:32:21:80:21:83:21:Infinity":0,"s:24:27:24:Infinity":15,"s:25:28:25:Infinity":16,"s:26:24:26:67":17,"s:28:10:36:Infinity":18,"f:28:10:28:31":3,"s:29:26:29:28":19,"b:30:8:30:Infinity:undefined:undefined:undefined:undefined":1,"s:30:8:30:Infinity":20,"s:30:36:30:Infinity":21,"b:31:8:34:Infinity:33:19:34:Infinity":2,"s:31:8:34:Infinity":22,"s:32:12:32:Infinity":23,"b:33:19:34:Infinity:undefined:undefined:undefined:undefined":3,"s:33:19:34:Infinity":24,"s:34:12:34:Infinity":25,"s:36:8:36:Infinity":26,"s:39:10:41:Infinity":27,"f:39:10:39:30":4,"s:40:8:40:Infinity":28,"s:41:8:41:Infinity":29,"s:44:10:62:Infinity":30,"f:44:10:44:26":5,"s:45:8:45:Infinity":31,"s:46:27:46:41":32,"b:47:8:49:Infinity:undefined:undefined:undefined:undefined":4,"s:47:8:49:Infinity":33,"s:48:12:48:Infinity":34,"s:49:12:49:Infinity":35,"b:52:8:60:Infinity:57:15:60:Infinity":5,"s:52:8:60:Infinity":36,"s:53:12:53:Infinity":37,"f:53:25:53:29":6,"s:53:36:53:91":38,"b:53:62:53:87:53:87:53:91":6,"s:54:12:54:Infinity":39,"s:55:12:55:Infinity":40,"s:56:12:56:Infinity":41,"s:58:27:58:Infinity":42,"s:59:12:59:Infinity":43,"s:60:12:60:Infinity":44,"s:62:8:62:21":45,"s:62:21:62:34":46,"s:62:34:62:Infinity":47,"s:65:10:70:Infinity":48,"f:65:10:65:29":7,"s:66:8:66:Infinity":49,"s:67:8:67:Infinity":50,"s:68:8:68:Infinity":51,"s:69:8:69:Infinity":52,"s:70:8:70:Infinity":53,"s:73:10:78:Infinity":54,"f:73:10:73:26":8,"b:74:8:78:Infinity:undefined:undefined:undefined:undefined":7,"s:74:8:78:Infinity":55,"s:75:29:75:62":56,"f:75:34:75:41":9,"s:75:48:75:62":57,"s:76:12:76:Infinity":58,"s:77:12:77:Infinity":59,"b:78:12:78:Infinity:undefined:undefined:undefined:undefined":8,"s:78:12:78:Infinity":60,"b:78:16:78:44:78:44:78:61":9,"s:78:61:78:Infinity":61,"s:82:4:132:Infinity":62,"f:86:24:86:39":10,"s:86:39:86:52":63,"b:89:13:89:Infinity:90:16:91:Infinity":10,"b:96:48:96:60:96:60:96:71":11,"b:97:33:97:50:97:50:97:Infinity":12,"f:100:85:100:96":11,"s:100:102:100:125":64,"f:101:70:101:81":12,"s:101:87:101:110":65,"b:102:77:102:94:102:94:102:113":13,"b:103:21:103:Infinity:104:24:106:Infinity":14,"f:104:46:104:61":13,"s:104:63:104:84":66,"s:104:84:104:97":67,"s:104:97:104:113":68,"b:109:17:109:32:109:32:109:Infinity":15,"b:110:17:110:32:110:32:110:Infinity":16,"f:116:33:116:37":14,"s:117:24:124:Infinity":69,"f:118:32:118:47":15,"s:118:47:118:73":70,"f:121:40:121:55":16,"s:121:55:121:75":71,"f:122:40:122:55":17,"s:122:55:122:75":72,"f:130:53:130:68":18,"s:130:68:130:99":73,"f:132:65:132:80":19,"s:132:80:132:111":74,"s:138:15:154:Infinity":75}}}
}
